<?xml version="1.0" encoding="UTF-8"?>
<testsuite xmlns:xsi="http://www.w3.org/2001/XMLSchema-instance" xsi:noNamespaceSchemaLocation="https://maven.apache.org/surefire/maven-surefire-plugin/xsd/surefire-test-report-3.0.xsd" version="3.0" name="Etsy search feature" time="301.56" tests="4" errors="4" skipped="0" failures="0">
  <properties>
[...]
</properties>
  <testcase name="Title verification" classname="Etsy search feature" time="151.482">
    <error message="Failed to instantiate class com.cybertek.step_definitions.EtsyStepDefinitions" type="io.cucumber.core.exception.CucumberException"><![CDATA[io.cucumber.core.exception.CucumberException: Failed to instantiate class com.cybertek.step_definitions.EtsyStepDefinitions
Caused by: java.lang.reflect.InvocationTargetException
Caused by: org.openqa.selenium.remote.UnreachableBrowserException: 
Could not start a new session. Possible causes are invalid address of the remote server or browser start-up failure.
Build info: version: '3.141.59', revision: 'e82be7d358', time: '2018-11-14T08:17:03'
System info: host: 'Aylins-MacBook-Pro.local', ip: 'fe80:0:0:0:11:e9b6:6069:e914%en0', os.name: 'Mac OS X', os.arch: 'x86_64', os.version: '10.15.6', java.version: '14.0.1'
Driver info: driver.version: Driver
Caused by: java.net.ConnectException: Failed to connect to /18.206.13.27:4444
Caused by: java.net.ConnectException: Operation timed out
]]></error>
    <system-out><![CDATA[-----> Before annotation: Setting up browser
===========> BEFORESTEP: TAKING SCREENSHOT <===========
===========> AFTERSTEP: TAKING SCREENSHOT <===========
]]></system-out>
    <rerunError message="Could not start a new session. Possible causes are invalid address of the remote server or browser start-up failure.&#10;Build info: version: &apos;3.141.59&apos;, revision: &apos;e82be7d358&apos;, time: &apos;2018-11-14T08:17:03&apos;&#10;System info: host: &apos;Aylins-MacBook-Pro.local&apos;, ip: &apos;fe80:0:0:0:11:e9b6:6069:e914%en0&apos;, os.name: &apos;Mac OS X&apos;, os.arch: &apos;x86_64&apos;, os.version: &apos;10.15.6&apos;, java.version: &apos;14.0.1&apos;&#10;Driver info: driver.version: Driver" type="org.openqa.selenium.remote.UnreachableBrowserException">
      <stackTrace><![CDATA[org.openqa.selenium.remote.UnreachableBrowserException: 
Could not start a new session. Possible causes are invalid address of the remote server or browser start-up failure.
Build info: version: '3.141.59', revision: 'e82be7d358', time: '2018-11-14T08:17:03'
System info: host: 'Aylins-MacBook-Pro.local', ip: 'fe80:0:0:0:11:e9b6:6069:e914%en0', os.name: 'Mac OS X', os.arch: 'x86_64', os.version: '10.15.6', java.version: '14.0.1'
Driver info: driver.version: Driver
Caused by: java.net.ConnectException: Failed to connect to /18.206.13.27:4444
Caused by: java.net.ConnectException: Operation timed out
]]></stackTrace>
    </rerunError>
    <rerunError message="Failed to instantiate class com.cybertek.step_definitions.EtsyStepDefinitions" type="io.cucumber.core.exception.CucumberException">
      <stackTrace><![CDATA[io.cucumber.core.exception.CucumberException: Failed to instantiate class com.cybertek.step_definitions.EtsyStepDefinitions
Caused by: java.lang.reflect.InvocationTargetException
Caused by: org.openqa.selenium.remote.UnreachableBrowserException: 
Could not start a new session. Possible causes are invalid address of the remote server or browser start-up failure.
Build info: version: '3.141.59', revision: 'e82be7d358', time: '2018-11-14T08:17:03'
System info: host: 'Aylins-MacBook-Pro.local', ip: 'fe80:0:0:0:11:e9b6:6069:e914%en0', os.name: 'Mac OS X', os.arch: 'x86_64', os.version: '10.15.6', java.version: '14.0.1'
Driver info: driver.version: Driver
Caused by: java.net.ConnectException: Failed to connect to /18.206.13.27:4444
Caused by: java.net.ConnectException: Operation timed out
]]></stackTrace>
      <system-out><![CDATA[-----> Before annotation: Setting up browser
===========> BEFORESTEP: TAKING SCREENSHOT <===========
===========> AFTERSTEP: TAKING SCREENSHOT <===========
]]></system-out>
    </rerunError>
    <rerunError message="Could not start a new session. Possible causes are invalid address of the remote server or browser start-up failure.&#10;Build info: version: &apos;3.141.59&apos;, revision: &apos;e82be7d358&apos;, time: &apos;2018-11-14T08:17:03&apos;&#10;System info: host: &apos;Aylins-MacBook-Pro.local&apos;, ip: &apos;fe80:0:0:0:11:e9b6:6069:e914%en0&apos;, os.name: &apos;Mac OS X&apos;, os.arch: &apos;x86_64&apos;, os.version: &apos;10.15.6&apos;, java.version: &apos;14.0.1&apos;&#10;Driver info: driver.version: Driver" type="org.openqa.selenium.remote.UnreachableBrowserException">
      <stackTrace><![CDATA[org.openqa.selenium.remote.UnreachableBrowserException: 
Could not start a new session. Possible causes are invalid address of the remote server or browser start-up failure.
Build info: version: '3.141.59', revision: 'e82be7d358', time: '2018-11-14T08:17:03'
System info: host: 'Aylins-MacBook-Pro.local', ip: 'fe80:0:0:0:11:e9b6:6069:e914%en0', os.name: 'Mac OS X', os.arch: 'x86_64', os.version: '10.15.6', java.version: '14.0.1'
Driver info: driver.version: Driver
Caused by: java.net.ConnectException: Failed to connect to /18.206.13.27:4444
Caused by: java.net.ConnectException: Operation timed out
]]></stackTrace>
    </rerunError>
  </testcase>
  <testcase name="Title verification after search term" classname="Etsy search feature" time="151.245">
    <error message="Failed to instantiate class com.cybertek.step_definitions.EtsyStepDefinitions" type="io.cucumber.core.exception.CucumberException"><![CDATA[io.cucumber.core.exception.CucumberException: Failed to instantiate class com.cybertek.step_definitions.EtsyStepDefinitions
Caused by: java.lang.reflect.InvocationTargetException
Caused by: org.openqa.selenium.remote.UnreachableBrowserException: 
Could not start a new session. Possible causes are invalid address of the remote server or browser start-up failure.
Build info: version: '3.141.59', revision: 'e82be7d358', time: '2018-11-14T08:17:03'
System info: host: 'Aylins-MacBook-Pro.local', ip: 'fe80:0:0:0:11:e9b6:6069:e914%en0', os.name: 'Mac OS X', os.arch: 'x86_64', os.version: '10.15.6', java.version: '14.0.1'
Driver info: driver.version: Driver
Caused by: java.net.ConnectException: Failed to connect to /18.206.13.27:4444
Caused by: java.net.ConnectException: Operation timed out
]]></error>
    <system-out><![CDATA[-----> Before annotation: Setting up browser
===========> BEFORESTEP: TAKING SCREENSHOT <===========
===========> AFTERSTEP: TAKING SCREENSHOT <===========
]]></system-out>
    <rerunError message="Could not start a new session. Possible causes are invalid address of the remote server or browser start-up failure.&#10;Build info: version: &apos;3.141.59&apos;, revision: &apos;e82be7d358&apos;, time: &apos;2018-11-14T08:17:03&apos;&#10;System info: host: &apos;Aylins-MacBook-Pro.local&apos;, ip: &apos;fe80:0:0:0:11:e9b6:6069:e914%en0&apos;, os.name: &apos;Mac OS X&apos;, os.arch: &apos;x86_64&apos;, os.version: &apos;10.15.6&apos;, java.version: &apos;14.0.1&apos;&#10;Driver info: driver.version: Driver" type="org.openqa.selenium.remote.UnreachableBrowserException">
      <stackTrace><![CDATA[org.openqa.selenium.remote.UnreachableBrowserException: 
Could not start a new session. Possible causes are invalid address of the remote server or browser start-up failure.
Build info: version: '3.141.59', revision: 'e82be7d358', time: '2018-11-14T08:17:03'
System info: host: 'Aylins-MacBook-Pro.local', ip: 'fe80:0:0:0:11:e9b6:6069:e914%en0', os.name: 'Mac OS X', os.arch: 'x86_64', os.version: '10.15.6', java.version: '14.0.1'
Driver info: driver.version: Driver
Caused by: java.net.ConnectException: Failed to connect to /18.206.13.27:4444
Caused by: java.net.ConnectException: Operation timed out
]]></stackTrace>
    </rerunError>
    <rerunError message="Failed to instantiate class com.cybertek.step_definitions.EtsyStepDefinitions" type="io.cucumber.core.exception.CucumberException">
      <stackTrace><![CDATA[io.cucumber.core.exception.CucumberException: Failed to instantiate class com.cybertek.step_definitions.EtsyStepDefinitions
Caused by: java.lang.reflect.InvocationTargetException
Caused by: org.openqa.selenium.remote.UnreachableBrowserException: 
Could not start a new session. Possible causes are invalid address of the remote server or browser start-up failure.
Build info: version: '3.141.59', revision: 'e82be7d358', time: '2018-11-14T08:17:03'
System info: host: 'Aylins-MacBook-Pro.local', ip: 'fe80:0:0:0:11:e9b6:6069:e914%en0', os.name: 'Mac OS X', os.arch: 'x86_64', os.version: '10.15.6', java.version: '14.0.1'
Driver info: driver.version: Driver
Caused by: java.net.ConnectException: Failed to connect to /18.206.13.27:4444
Caused by: java.net.ConnectException: Operation timed out
]]></stackTrace>
      <system-out><![CDATA[-----> Before annotation: Setting up browser
===========> BEFORESTEP: TAKING SCREENSHOT <===========
===========> AFTERSTEP: TAKING SCREENSHOT <===========
]]></system-out>
    </rerunError>
    <rerunError message="Could not start a new session. Possible causes are invalid address of the remote server or browser start-up failure.&#10;Build info: version: &apos;3.141.59&apos;, revision: &apos;e82be7d358&apos;, time: &apos;2018-11-14T08:17:03&apos;&#10;System info: host: &apos;Aylins-MacBook-Pro.local&apos;, ip: &apos;fe80:0:0:0:11:e9b6:6069:e914%en0&apos;, os.name: &apos;Mac OS X&apos;, os.arch: &apos;x86_64&apos;, os.version: &apos;10.15.6&apos;, java.version: &apos;14.0.1&apos;&#10;Driver info: driver.version: Driver" type="org.openqa.selenium.remote.UnreachableBrowserException">
      <stackTrace><![CDATA[org.openqa.selenium.remote.UnreachableBrowserException: 
Could not start a new session. Possible causes are invalid address of the remote server or browser start-up failure.
Build info: version: '3.141.59', revision: 'e82be7d358', time: '2018-11-14T08:17:03'
System info: host: 'Aylins-MacBook-Pro.local', ip: 'fe80:0:0:0:11:e9b6:6069:e914%en0', os.name: 'Mac OS X', os.arch: 'x86_64', os.version: '10.15.6', java.version: '14.0.1'
Driver info: driver.version: Driver
Caused by: java.net.ConnectException: Failed to connect to /18.206.13.27:4444
Caused by: java.net.ConnectException: Operation timed out
]]></stackTrace>
    </rerunError>
  </testcase>
</testsuite>